# JRE version: Java(TM) SE Runtime Environment (19.0.1+10) (build 19.0.1+10-21)
# Java VM: Java HotSpot(TM) 64-Bit Server VM (19.0.1+10-21, mixed mode, emulated-client, sharing, tiered, compressed oops, compressed class ptrs, g1 gc, windows-amd64)
GC Precious Log:
 CardTable entry size: 512
 Card Set container configuration: InlinePtr #cards 4 size 8 Array Of Cards #cards 16 size 48 Howl #buckets 8 coarsen threshold 3686 Howl Bitmap #cards 512 size 80 coarsen threshold 460 Card regions per heap region 1 cards per card region 4096
 CPUs: 12 total, 12 available
 Memory: 14158M
 Large Page Support: Disabled
 NUMA Support: Disabled
 Compressed Oops: Enabled (Zero based)
 Heap Region Size: 2M
 Heap Min Capacity: 8M
 Heap Initial Capacity: 222M
 Heap Max Capacity: 3540M
 Pre-touch: Disabled
 Parallel Workers: 10
 Concurrent Workers: 3
 Concurrent Refinement Workers: 10
 Periodic GC: Disabled
Heap:
 garbage-first heap   total 137216K, used 100928K [0x0000000722c00000, 0x0000000800000000)
  region size 2048K, 36 young (73728K), 3 survivors (6144K)
 Metaspace       used 24143K, committed 25344K, reserved 1114112K
  class space    used 3441K, committed 4032K, reserved 1048576K
GC Heap History (10 events):
Event: 1.860 GC heap before
{Heap before GC invocations=0 (full 0):
 garbage-first heap   total 227328K, used 20480K [0x0000000722c00000, 0x0000000800000000)
  region size 2048K, 11 young (22528K), 0 survivors (0K)
 Metaspace       used 3904K, committed 4096K, reserved 1114112K
  class space    used 442K, committed 512K, reserved 1048576K
}
Event: 1.868 GC heap after
{Heap after GC invocations=1 (full 0):
 garbage-first heap   total 227328K, used 9598K [0x0000000722c00000, 0x0000000800000000)
  region size 2048K, 2 young (4096K), 2 survivors (4096K)
 Metaspace       used 3904K, committed 4096K, reserved 1114112K
  class space    used 442K, committed 512K, reserved 1048576K
}
Event: 2.194 GC heap before
{Heap before GC invocations=1 (full 0):
 garbage-first heap   total 227328K, used 25982K [0x0000000722c00000, 0x0000000800000000)
  region size 2048K, 11 young (22528K), 2 survivors (4096K)
 Metaspace       used 4174K, committed 4480K, reserved 1114112K
  class space    used 489K, committed 640K, reserved 1048576K
}
Event: 2.203 GC heap after
{Heap after GC invocations=2 (full 0):
 garbage-first heap   total 227328K, used 15411K [0x0000000722c00000, 0x0000000800000000)
  region size 2048K, 2 young (4096K), 2 survivors (4096K)
 Metaspace       used 4174K, committed 4480K, reserved 1114112K
  class space    used 489K, committed 640K, reserved 1048576K
}
Event: 2.490 GC heap before
{Heap before GC invocations=2 (full 0):
 garbage-first heap   total 227328K, used 46131K [0x0000000722c00000, 0x0000000800000000)
  region size 2048K, 17 young (34816K), 2 survivors (4096K)
 Metaspace       used 5506K, committed 5824K, reserved 1114112K
  class space    used 652K, committed 768K, reserved 1048576K
}
Event: 2.499 GC heap after
{Heap after GC invocations=3 (full 0):
 garbage-first heap   total 227328K, used 22374K [0x0000000722c00000, 0x0000000800000000)
  region size 2048K, 3 young (6144K), 3 survivors (6144K)
 Metaspace       used 5506K, committed 5824K, reserved 1114112K
  class space    used 652K, committed 768K, reserved 1048576K
}
Event: 3.708 GC heap before
{Heap before GC invocations=3 (full 0):
 garbage-first heap   total 227328K, used 114534K [0x0000000722c00000, 0x0000000800000000)
  region size 2048K, 49 young (100352K), 3 survivors (6144K)
 Metaspace       used 16149K, committed 16768K, reserved 1114112K
  class space    used 2199K, committed 2496K, reserved 1048576K
}
Event: 3.719 GC heap after
{Heap after GC invocations=4 (full 0):
 garbage-first heap   total 227328K, used 31191K [0x0000000722c00000, 0x0000000800000000)
  region size 2048K, 7 young (14336K), 7 survivors (14336K)
 Metaspace       used 16149K, committed 16768K, reserved 1114112K
  class space    used 2199K, committed 2496K, reserved 1048576K
}
Event: 4.118 GC heap before
{Heap before GC invocations=4 (full 0):
 garbage-first heap   total 227328K, used 92631K [0x0000000722c00000, 0x0000000800000000)
  region size 2048K, 39 young (79872K), 7 survivors (14336K)
 Metaspace       used 20577K, committed 21504K, reserved 1114112K
  class space    used 2848K, committed 3328K, reserved 1048576K
}
Event: 4.133 GC heap after
{Heap after GC invocations=5 (full 0):
 garbage-first heap   total 227328K, used 35392K [0x0000000722c00000, 0x0000000800000000)
  region size 2048K, 3 young (6144K), 3 survivors (6144K)
 Metaspace       used 20577K, committed 21504K, reserved 1114112K
  class space    used 2848K, committed 3328K, reserved 1048576K
}

